# JRE version: OpenJDK Runtime Environment (8.0_275-b01) (build 1.8.0_275-b01)
# Java VM: OpenJDK 64-Bit Server VM (25.275-b01 mixed mode windows-amd64 compressed oops)
Heap:
 PSYoungGen      total 195584K, used 142082K [0x000000076b780000, 0x0000000779280000, 0x00000007c0000000)
  eden space 182272K, 74% used [0x000000076b780000,0x0000000773bc5cd8,0x0000000776980000)
  from space 13312K, 49% used [0x0000000778580000,0x0000000778bfab80,0x0000000779280000)
  to   space 20992K, 0% used [0x0000000776980000,0x0000000776980000,0x0000000777e00000)
 ParOldGen       total 186368K, used 26845K [0x00000006c2600000, 0x00000006cdc00000, 0x000000076b780000)
  object space 186368K, 14% used [0x00000006c2600000,0x00000006c4037668,0x00000006cdc00000)
 Metaspace       used 39177K, capacity 39813K, committed 40280K, reserved 1083392K
  class space    used 5578K, capacity 5694K, committed 5760K, reserved 1048576K
GC Heap History (10 events):
Event: 10.047 GC heap before
{Heap before GC invocations=6 (full 1):
 PSYoungGen      total 99840K, used 99459K [0x000000076b780000, 0x0000000774700000, 0x00000007c0000000)
  eden space 93696K, 100% used [0x000000076b780000,0x0000000771300000,0x0000000771300000)
  from space 6144K, 93% used [0x0000000774100000,0x00000007746a0e38,0x0000000774700000)
  to   space 10752K, 0% used [0x0000000773200000,0x0000000773200000,0x0000000773c80000)
 ParOldGen       total 111616K, used 11425K [0x00000006c2600000, 0x00000006c9300000, 0x000000076b780000)
  object space 111616K, 10% used [0x00000006c2600000,0x00000006c3128680,0x00000006c9300000)
 Metaspace       used 33220K, capacity 33761K, committed 33920K, reserved 1079296K
  class space    used 4857K, capacity 4991K, committed 4992K, reserved 1048576K
Event: 10.058 GC heap after
Heap after GC invocations=6 (full 1):
 PSYoungGen      total 136192K, used 10724K [0x000000076b780000, 0x0000000775980000, 0x00000007c0000000)
  eden space 125440K, 0% used [0x000000076b780000,0x000000076b780000,0x0000000773200000)
  from space 10752K, 99% used [0x0000000773200000,0x0000000773c79280,0x0000000773c80000)
  to   space 18432K, 0% used [0x0000000774780000,0x0000000774780000,0x0000000775980000)
 ParOldGen       total 111616K, used 16736K [0x00000006c2600000, 0x00000006c9300000, 0x000000076b780000)
  object space 111616K, 14% used [0x00000006c2600000,0x00000006c3658398,0x00000006c9300000)
 Metaspace       used 33220K, capacity 33761K, committed 33920K, reserved 1079296K
  class space    used 4857K, capacity 4991K, committed 4992K, reserved 1048576K
}
Event: 11.545 GC heap before
{Heap before GC invocations=7 (full 1):
 PSYoungGen      total 136192K, used 41748K [0x000000076b780000, 0x0000000775980000, 0x00000007c0000000)
  eden space 125440K, 24% used [0x000000076b780000,0x000000076d5cbe60,0x0000000773200000)
  from space 10752K, 99% used [0x0000000773200000,0x0000000773c79280,0x0000000773c80000)
  to   space 18432K, 0% used [0x0000000774780000,0x0000000774780000,0x0000000775980000)
 ParOldGen       total 111616K, used 16736K [0x00000006c2600000, 0x00000006c9300000, 0x000000076b780000)
  object space 111616K, 14% used [0x00000006c2600000,0x00000006c3658398,0x00000006c9300000)
 Metaspace       used 34698K, capacity 35211K, committed 35416K, reserved 1079296K
  class space    used 5076K, capacity 5199K, committed 5248K, reserved 1048576K
Event: 11.556 GC heap after
Heap after GC invocations=7 (full 1):
 PSYoungGen      total 144896K, used 17511K [0x000000076b780000, 0x0000000778600000, 0x00000007c0000000)
  eden space 126464K, 0% used [0x000000076b780000,0x000000076b780000,0x0000000773300000)
  from space 18432K, 95% used [0x0000000774780000,0x0000000775899d60,0x0000000775980000)
  to   space 20992K, 0% used [0x0000000773300000,0x0000000773300000,0x0000000774780000)
 ParOldGen       total 111616K, used 27330K [0x00000006c2600000, 0x00000006c9300000, 0x000000076b780000)
  object space 111616K, 24% used [0x00000006c2600000,0x00000006c40b0838,0x00000006c9300000)
 Metaspace       used 34698K, capacity 35211K, committed 35416K, reserved 1079296K
  class space    used 5076K, capacity 5199K, committed 5248K, reserved 1048576K
}
Event: 11.556 GC heap before
{Heap before GC invocations=8 (full 2):
 PSYoungGen      total 144896K, used 17511K [0x000000076b780000, 0x0000000778600000, 0x00000007c0000000)
  eden space 126464K, 0% used [0x000000076b780000,0x000000076b780000,0x0000000773300000)
  from space 18432K, 95% used [0x0000000774780000,0x0000000775899d60,0x0000000775980000)
  to   space 20992K, 0% used [0x0000000773300000,0x0000000773300000,0x0000000774780000)
 ParOldGen       total 111616K, used 27330K [0x00000006c2600000, 0x00000006c9300000, 0x000000076b780000)
  object space 111616K, 24% used [0x00000006c2600000,0x00000006c40b0838,0x00000006c9300000)
 Metaspace       used 34698K, capacity 35211K, committed 35416K, reserved 1079296K
  class space    used 5076K, capacity 5199K, committed 5248K, reserved 1048576K
Event: 11.592 GC heap after
Heap after GC invocations=8 (full 2):
 PSYoungGen      total 144896K, used 0K [0x000000076b780000, 0x0000000778600000, 0x00000007c0000000)
  eden space 126464K, 0% used [0x000000076b780000,0x000000076b780000,0x0000000773300000)
  from space 18432K, 0% used [0x0000000774780000,0x0000000774780000,0x0000000775980000)
  to   space 20992K, 0% used [0x0000000773300000,0x0000000773300000,0x0000000774780000)
 ParOldGen       total 186368K, used 26837K [0x00000006c2600000, 0x00000006cdc00000, 0x000000076b780000)
  object space 186368K, 14% used [0x00000006c2600000,0x00000006c4035668,0x00000006cdc00000)
 Metaspace       used 34698K, capacity 35211K, committed 35416K, reserved 1079296K
  class space    used 5076K, capacity 5199K, committed 5248K, reserved 1048576K
}
Event: 11.676 GC heap before
{Heap before GC invocations=9 (full 2):
 PSYoungGen      total 144896K, used 13739K [0x000000076b780000, 0x0000000778600000, 0x00000007c0000000)
  eden space 126464K, 10% used [0x000000076b780000,0x000000076c4eaea0,0x0000000773300000)
  from space 18432K, 0% used [0x0000000774780000,0x0000000774780000,0x0000000775980000)
  to   space 20992K, 0% used [0x0000000773300000,0x0000000773300000,0x0000000774780000)
 ParOldGen       total 186368K, used 26837K [0x00000006c2600000, 0x00000006cdc00000, 0x000000076b780000)
  object space 186368K, 14% used [0x00000006c2600000,0x00000006c4035668,0x00000006cdc00000)
 Metaspace       used 35584K, capacity 36139K, committed 36568K, reserved 1081344K
  class space    used 5172K, capacity 5295K, committed 5376K, reserved 1048576K
Event: 11.678 GC heap after
Heap after GC invocations=9 (full 2):
 PSYoungGen      total 147456K, used 3738K [0x000000076b780000, 0x0000000779a80000, 0x00000007c0000000)
  eden space 126464K, 0% used [0x000000076b780000,0x000000076b780000,0x0000000773300000)
  from space 20992K, 17% used [0x0000000773300000,0x00000007736a6b70,0x0000000774780000)
  to   space 21504K, 0% used [0x0000000778580000,0x0000000778580000,0x0000000779a80000)
 ParOldGen       total 186368K, used 26837K [0x00000006c2600000, 0x00000006cdc00000, 0x000000076b780000)
  object space 186368K, 14% used [0x00000006c2600000,0x00000006c4035668,0x00000006cdc00000)
 Metaspace       used 35584K, capacity 36139K, committed 36568K, reserved 1081344K
  class space    used 5172K, capacity 5295K, committed 5376K, reserved 1048576K
}
Event: 14.904 GC heap before
{Heap before GC invocations=10 (full 2):
 PSYoungGen      total 147456K, used 130202K [0x000000076b780000, 0x0000000779a80000, 0x00000007c0000000)
  eden space 126464K, 100% used [0x000000076b780000,0x0000000773300000,0x0000000773300000)
  from space 20992K, 17% used [0x0000000773300000,0x00000007736a6b70,0x0000000774780000)
  to   space 21504K, 0% used [0x0000000778580000,0x0000000778580000,0x0000000779a80000)
 ParOldGen       total 186368K, used 26837K [0x00000006c2600000, 0x00000006cdc00000, 0x000000076b780000)
  object space 186368K, 14% used [0x00000006c2600000,0x00000006c4035668,0x00000006cdc00000)
 Metaspace       used 38452K, capacity 39043K, committed 39512K, reserved 1083392K
  class space    used 5540K, capacity 5657K, committed 5760K, reserved 1048576K
Event: 14.911 GC heap after
Heap after GC invocations=10 (full 2):
 PSYoungGen      total 195584K, used 6634K [0x000000076b780000, 0x0000000779280000, 0x00000007c0000000)
  eden space 182272K, 0% used [0x000000076b780000,0x000000076b780000,0x0000000776980000)
  from space 13312K, 49% used [0x0000000778580000,0x0000000778bfab80,0x0000000779280000)
  to   space 20992K, 0% used [0x0000000776980000,0x0000000776980000,0x0000000777e00000)
 ParOldGen       total 186368K, used 26845K [0x00000006c2600000, 0x00000006cdc00000, 0x000000076b780000)
  object space 186368K, 14% used [0x00000006c2600000,0x00000006c4037668,0x00000006cdc00000)
 Metaspace       used 38452K, capacity 39043K, committed 39512K, reserved 1083392K
  class space    used 5540K, capacity 5657K, committed 5760K, reserved 1048576K
}

